<?xml version="1.0" encoding="UTF-8"?>
<!-- Generated by org.testng.reporters.JUnitXMLReporter -->
<testsuite hostname="Haruns-MBP.attlocal.net" ignored="8" name="GroupsDemoTest" tests="5" failures="0" timestamp="2023-01-31T20:26:31 EST" time="0.062" errors="0">
  <testcase name="test1" time="0.009" classname="com.neotech.lesson03.GroupsDemo"/>
  <testcase name="test2" time="0.002" classname="com.neotech.lesson03.GroupsDemo"/>
  <testcase name="test4" time="0.001" classname="com.neotech.lesson03.GroupsDemo"/>
  <testcase name="firstTest" time="0.001" classname="com.neotech.lesson02.EnableAndDisable"/>
  <testcase name="thirdMethod" time="0.001" classname="com.neotech.lesson03.Homework1"/>
  <testcase name="fourthMethod" time="0.0" classname="com.neotech.lesson03.Homework1">
    <ignored/>
  </testcase> <!-- fourthMethod -->
  <testcase name="test3" time="0.0" classname="com.neotech.lesson03.GroupsDemo">
    <ignored/>
  </testcase> <!-- test3 -->
  <testcase name="secondMethod" time="0.0" classname="com.neotech.lesson03.Homework1">
    <ignored/>
  </testcase> <!-- secondMethod -->
  <testcase name="secondTest" time="0.0" classname="com.neotech.lesson02.EnableAndDisable">
    <ignored/>
  </testcase> <!-- secondTest -->
  <testcase name="thirdTest" time="0.0" classname="com.neotech.lesson02.EnableAndDisable">
    <ignored/>
  </testcase> <!-- thirdTest -->
  <testcase name="firstMethod1" time="0.0" classname="com.neotech.lesson03.Homework1">
    <ignored/>
  </testcase> <!-- firstMethod1 -->
  <testcase name="fourthTest" time="0.0" classname="com.neotech.lesson02.EnableAndDisable">
    <ignored/>
  </testcase> <!-- fourthTest -->
  <testcase name="firstMethod" time="0.0" classname="com.neotech.lesson03.Homework1">
    <ignored/>
  </testcase> <!-- firstMethod -->
</testsuite> <!-- GroupsDemoTest -->
