<?xml version="1.0" encoding="UTF-8"?>
<!-- Generated by org.testng.reporters.JUnitXMLReporter -->
<testsuite hostname="Haruns-MacBook-Pro.local" ignored="0" name="HomeworkAdd3EmployeeTest" tests="3" failures="0" timestamp="2023-02-01T11:10:09 EST" time="111.765" errors="0">
  <testcase name="addEmployee" time="29.37" classname="com.neotech.lesson03.Task1"/>
  <testcase name="addEmployee" time="31.308" classname="com.neotech.lesson03.Task1"/>
  <testcase name="addEmployee" time="30.418" classname="com.neotech.lesson03.Task1"/>
</testsuite> <!-- HomeworkAdd3EmployeeTest -->
