<?xml version="1.0" encoding="UTF-8"?>
<testng-results skipped="0" failed="0" ignored="0" total="1" passed="1">
  <reporter-output>
  </reporter-output>
  <suite name="Default suite" duration-ms="13770" started-at="2023-01-28T15:22:27 EST" finished-at="2023-01-28T15:22:41 EST">
    <groups>
    </groups>
    <test name="Default test" duration-ms="13770" started-at="2023-01-28T15:22:27 EST" finished-at="2023-01-28T15:22:41 EST">
      <class name="com.neotech.lesson01.Homework1">
        <test-method status="PASS" signature="openAndNavigate()[pri:0, instance:com.neotech.lesson01.Homework1@6a1aab78]" name="openAndNavigate" is-config="true" duration-ms="11559" started-at="2023-01-28T15:22:27 EST" finished-at="2023-01-28T15:22:38 EST">
          <reporter-output>
          </reporter-output>
        </test-method> <!-- openAndNavigate -->
        <test-method status="PASS" signature="emptyPasswordTest()[pri:0, instance:com.neotech.lesson01.Homework1@6a1aab78]" name="emptyPasswordTest" duration-ms="2017" started-at="2023-01-28T15:22:38 EST" finished-at="2023-01-28T15:22:40 EST">
          <reporter-output>
          </reporter-output>
        </test-method> <!-- emptyPasswordTest -->
        <test-method status="PASS" signature="quitBrowser()[pri:0, instance:com.neotech.lesson01.Homework1@6a1aab78]" name="quitBrowser" is-config="true" duration-ms="128" started-at="2023-01-28T15:22:40 EST" finished-at="2023-01-28T15:22:41 EST">
          <reporter-output>
          </reporter-output>
        </test-method> <!-- quitBrowser -->
      </class> <!-- com.neotech.lesson01.Homework1 -->
    </test> <!-- Default test -->
  </suite> <!-- Default suite -->
</testng-results>
