<?xml version="1.0" encoding="UTF-8"?>
<testng-results skipped="0" failed="0" ignored="0" total="2" passed="2">
  <reporter-output>
  </reporter-output>
  <suite name="Default suite" duration-ms="68377" started-at="2023-01-29T18:04:36 EST" finished-at="2023-01-29T18:05:44 EST">
    <groups>
    </groups>
    <test name="Default test" duration-ms="68377" started-at="2023-01-29T18:04:36 EST" finished-at="2023-01-29T18:05:44 EST">
      <class name="com.neotech.lesson02.Task2">
        <test-method status="PASS" signature="openAndNavitage()[pri:0, instance:com.neotech.lesson02.Task2@69b0fd6f]" name="openAndNavitage" is-config="true" duration-ms="9844" started-at="2023-01-29T18:04:36 EST" finished-at="2023-01-29T18:04:46 EST">
          <reporter-output>
          </reporter-output>
        </test-method> <!-- openAndNavitage -->
        <test-method status="PASS" signature="labelValidation()[pri:0, instance:com.neotech.lesson02.Task2@69b0fd6f]" name="labelValidation" duration-ms="23550" started-at="2023-01-29T18:04:46 EST" finished-at="2023-01-29T18:05:10 EST">
          <reporter-output>
          </reporter-output>
        </test-method> <!-- labelValidation -->
        <test-method status="PASS" signature="quitBrowser()[pri:0, instance:com.neotech.lesson02.Task2@69b0fd6f]" name="quitBrowser" is-config="true" duration-ms="130" started-at="2023-01-29T18:05:10 EST" finished-at="2023-01-29T18:05:10 EST">
          <reporter-output>
          </reporter-output>
        </test-method> <!-- quitBrowser -->
        <test-method status="PASS" signature="openAndNavitage()[pri:0, instance:com.neotech.lesson02.Task2@69b0fd6f]" name="openAndNavitage" is-config="true" duration-ms="6848" started-at="2023-01-29T18:05:10 EST" finished-at="2023-01-29T18:05:17 EST">
          <reporter-output>
          </reporter-output>
        </test-method> <!-- openAndNavitage -->
        <test-method status="PASS" signature="addEmployeeValidation()[pri:1, instance:com.neotech.lesson02.Task2@69b0fd6f]" name="addEmployeeValidation" duration-ms="27824" started-at="2023-01-29T18:05:17 EST" depends-on-methods="com.neotech.lesson02.Task2.labelValidation" finished-at="2023-01-29T18:05:44 EST">
          <reporter-output>
          </reporter-output>
        </test-method> <!-- addEmployeeValidation -->
        <test-method status="PASS" signature="quitBrowser()[pri:0, instance:com.neotech.lesson02.Task2@69b0fd6f]" name="quitBrowser" is-config="true" duration-ms="109" started-at="2023-01-29T18:05:44 EST" finished-at="2023-01-29T18:05:44 EST">
          <reporter-output>
          </reporter-output>
        </test-method> <!-- quitBrowser -->
      </class> <!-- com.neotech.lesson02.Task2 -->
    </test> <!-- Default test -->
  </suite> <!-- Default suite -->
</testng-results>
